<?xml version="1.0" encoding="UTF-8"?>
<testng-results ignored="0" total="2" passed="2" failed="0" skipped="0">
  <reporter-output>
  </reporter-output>
  <suite started-at="2024-07-30T01:12:44 IST" name="Default suite" finished-at="2024-07-30T01:12:45 IST" duration-ms="1308">
    <groups>
    </groups>
    <test started-at="2024-07-30T01:12:44 IST" name="Default test" finished-at="2024-07-30T01:12:45 IST" duration-ms="1308">
      <class name="com.StudentAPITesting.APITesting">
        <test-method signature="getAPITest()[pri:0, instance:com.StudentAPITesting.APITesting@783a467b]" started-at="2024-07-30T01:12:44 IST" name="getAPITest" finished-at="2024-07-30T01:12:45 IST" duration-ms="1083" status="PASS">
          <reporter-output>
          </reporter-output>
        </test-method> <!-- getAPITest -->
        <test-method signature="postAPITest()[pri:0, instance:com.StudentAPITesting.APITesting@783a467b]" started-at="2024-07-30T01:12:45 IST" name="postAPITest" finished-at="2024-07-30T01:12:45 IST" duration-ms="23" status="PASS">
          <reporter-output>
          </reporter-output>
        </test-method> <!-- postAPITest -->
      </class> <!-- com.StudentAPITesting.APITesting -->
    </test> <!-- Default test -->
  </suite> <!-- Default suite -->
</testng-results>
